# IPython log file

%cd "H:\School Work\Computer Science\1.3\1.3.7"
# Tue, 22 Nov 2016 12:45:21
%run "H:/School Work/Computer Science/1.3/1.3.7/WCunningham_137.py"# Tue, 22 Nov 2016 12:45:52
matches([11.12.13.14.15],[3,8,12,13,17])
# Tue, 22 Nov 2016 12:46:18
matches([11,12,13,14,15],[3,8,12,13,17])
# Tue, 22 Nov 2016 12:47:06
%run "H:/School Work/Computer Science/1.3/1.3.7/WCunningham_137.py"# Tue, 22 Nov 2016 12:47:08
matches([11,12,13,14,15],[3,8,12,13,17])
# Tue, 22 Nov 2016 12:47:29
%run "H:/School Work/Computer Science/1.3/1.3.7/WCunningham_137.py"# Tue, 22 Nov 2016 12:47:30
matches([11,12,13,14,15],[3,8,12,13,17])
# Tue, 22 Nov 2016 12:47:42
matches([11,12,13,14,15],[3,8,12,13,17])
# Tue, 22 Nov 2016 12:47:43
matches([11,12,13,14,15],[3,8,12,13,17])
# Tue, 22 Nov 2016 12:47:43
matches([11,12,13,14,15],[3,8,12,13,17])
# Tue, 22 Nov 2016 12:52:44
%run "H:/School Work/Computer Science/1.3/1.3.7/WCunningham_137.py"# Tue, 22 Nov 2016 12:52:50
matches([11,12,13,14,15],[3,8,12,13])
# Tue, 22 Nov 2016 12:53:47
matches([11,12,13,14],[3,8,12,13,17])
# Tue, 22 Nov 2016 12:53:53
matches([11,12,13,14,15],[3,8,12,13,17])
# Tue, 22 Nov 2016 12:57:35
%run "H:/School Work/Computer Science/1.3/1.3.7/WCunningham_137.py"# Tue, 22 Nov 2016 12:57:38
matches([11,12,13,14,15],[3,8,12,13,17])
# Tue, 22 Nov 2016 12:57:50
%run "H:/School Work/Computer Science/1.3/1.3.7/WCunningham_137.py"# Tue, 22 Nov 2016 12:57:52
matches([11,12,13,14,15],[3,8,12,13,17])
# Tue, 22 Nov 2016 12:58:46
%run "H:/School Work/Computer Science/1.3/1.3.7/WCunningham_137.py"# Tue, 22 Nov 2016 12:58:49
matches([11,12,13,14,15],[3,8,12,13,17])
# Tue, 22 Nov 2016 12:58:57
%run "H:/School Work/Computer Science/1.3/1.3.7/WCunningham_137.py"# Tue, 22 Nov 2016 12:58:59
matches([11,12,13,14,15],[3,8,12,13,17])
#[Out]# 0
# Tue, 22 Nov 2016 13:07:18
%run "H:/School Work/Computer Science/1.3/1.3.7/WCunningham_137.py"# Tue, 22 Nov 2016 13:07:50
matches([11,12,13,14,15],[3,8,12,13,17])
# Tue, 22 Nov 2016 13:11:45
%run "H:/School Work/Computer Science/1.3/1.3.7/WCunningham_137.py"# Tue, 22 Nov 2016 13:11:56
%run "H:/School Work/Computer Science/1.3/1.3.7/WCunningham_137.py"# Tue, 22 Nov 2016 13:11:58
matches([11,12,13,14,15],[3,8,12,13,17])
#[Out]# 2
# Tue, 22 Nov 2016 13:13:09
%run "H:/School Work/Computer Science/1.3/1.3.7/WCunningham_137.py"# Tue, 22 Nov 2016 13:13:16
matche([11,12,13,14,15],[3,8,12,13,17])
# Tue, 22 Nov 2016 13:13:23
match([11,12,13,14,15],[3,8,12,13,17])
# Tue, 22 Nov 2016 13:13:26
%run "H:/School Work/Computer Science/1.3/1.3.7/WCunningham_137.py"# Tue, 22 Nov 2016 13:13:30
match([11,12,13,14,15],[3,8,12,13,17])
# Tue, 22 Nov 2016 13:13:48
match([11,12,13,14,15],[3,8,12,13,17])
# Tue, 22 Nov 2016 13:13:51
%run "H:/School Work/Computer Science/1.3/1.3.7/WCunningham_137.py"# Tue, 22 Nov 2016 13:13:51
%run "H:/School Work/Computer Science/1.3/1.3.7/WCunningham_137.py"# Tue, 22 Nov 2016 13:13:51
%run "H:/School Work/Computer Science/1.3/1.3.7/WCunningham_137.py"# Tue, 22 Nov 2016 13:13:51
%run "H:/School Work/Computer Science/1.3/1.3.7/WCunningham_137.py"# Tue, 22 Nov 2016 13:13:57
match([11,12,13,14,15],[3,8,12,13,17])
# Tue, 22 Nov 2016 13:14:27
match([11,12,13,14,15],[3,8,12,13,17])
# Tue, 22 Nov 2016 13:15:01
%run "H:/School Work/Computer Science/1.3/1.3.7/WCunningham_137.py"# Tue, 22 Nov 2016 13:15:03
match([11,12,13,14,15],[3,8,12,13,17])
# Tue, 22 Nov 2016 13:15:33
lottery([11,12,13,14,15],[3,8,12,13,17])
# Tue, 22 Nov 2016 13:16:02
lottery([11,12,13,14,15],[3,8,12,13,17])
# Tue, 22 Nov 2016 13:16:04
%run "H:/School Work/Computer Science/1.3/1.3.7/WCunningham_137.py"# Tue, 22 Nov 2016 13:16:06
lottery([11,12,13,14,15],[3,8,12,13,17])
#[Out]# 0
# Tue, 22 Nov 2016 13:16:23
%run "H:/School Work/Computer Science/1.3/1.3.7/WCunningham_137.py"# Tue, 22 Nov 2016 13:16:23
%run "H:/School Work/Computer Science/1.3/1.3.7/WCunningham_137.py"# Tue, 22 Nov 2016 13:16:24
lottery([11,12,13,14,15],[3,8,12,13,17])
#[Out]# 2
