# IPython log file

%cd "H:\School Work\Computer Science\1.3\1.3.2"
In []: import matplotlib.pyplot as plt
In []: a = randn(10000)
In []: plt.hist(a)
In []: plt.show()
# Tue, 01 Nov 2016 12:55:25
#This is a comment

# Tue, 01 Nov 2016 12:57:54
5+3
#[Out]# 8
# Tue, 01 Nov 2016 12:58:53
2+2
#[Out]# 4
# Tue, 01 Nov 2016 13:00:59
2*3
#[Out]# 6
# Tue, 01 Nov 2016 13:01:03
6/2
#[Out]# 3
# Tue, 01 Nov 2016 13:01:07
6**2
#[Out]# 36
# Tue, 01 Nov 2016 13:01:10
6***3
# Tue, 01 Nov 2016 13:05:14
6.3e-2
#[Out]# 0.063
# Tue, 01 Nov 2016 13:06:35
5+3.
#[Out]# 8.0
# Tue, 01 Nov 2016 13:07:31
7*2
#[Out]# 14
# Tue, 01 Nov 2016 13:07:33
7*2.
#[Out]# 14.0
# Tue, 01 Nov 2016 13:07:56
7/2
#[Out]# 3
# Tue, 01 Nov 2016 13:08:13
7/2.
#[Out]# 3.5
# Tue, 01 Nov 2016 13:09:53
a - 2
# Tue, 01 Nov 2016 13:10:04
a = 2
# Tue, 01 Nov 2016 13:10:10
a - 1
#[Out]# 1
# Tue, 01 Nov 2016 13:10:12
2a
# Tue, 01 Nov 2016 13:10:25
2(a^2)
# Tue, 01 Nov 2016 13:10:36
2*a^2
#[Out]# 6
# Tue, 01 Nov 2016 13:11:12
2**2
#[Out]# 4
# Tue, 01 Nov 2016 13:11:25
2*a**2
#[Out]# 8
# Tue, 01 Nov 2016 13:11:50
a=2
# Tue, 01 Nov 2016 13:11:58
a
#[Out]# 2
# Tue, 01 Nov 2016 13:15:02
student_age = 16
# Tue, 01 Nov 2016 13:16:15
a*7
#[Out]# 14
# Tue, 01 Nov 2016 13:16:20
a**2
#[Out]# 4
# Tue, 01 Nov 2016 13:16:24
3**2
#[Out]# 9
# Tue, 01 Nov 2016 13:18:49
23**43
#[Out]# 35834136918934220777541995677272642015423987712183913488967L
# Tue, 01 Nov 2016 13:21:31
16**2
#[Out]# 256
