# IPython log file

%cd "H:\School Work\Computer Science\1.3\1.3.3"
%loststart -ort studentName_1_3_3.log
# Fri, 04 Nov 2016 12:40:27
 # Jane Doe John Smith 1.3.3 IPhython log

# Fri, 04 Nov 2016 12:45:24
a**2 >= 9 and not a>3
# Fri, 04 Nov 2016 12:45:36
a==3
# Fri, 04 Nov 2016 12:45:40
a=3
# Fri, 04 Nov 2016 12:45:44
a==3
#[Out]# True
# Fri, 04 Nov 2016 12:46:21
#Prediction is true
a**2 >= 9 and not a>3
#[Out]# True
# Fri, 04 Nov 2016 12:46:50
#Prediction is false
a+2 == 5 or a-1 != 3
#[Out]# True
# Fri, 04 Nov 2016 12:48:39
# The or statement makes it so if one the equations is correct, it will be True. The 2nd equation is true so the whole statement is true

# Fri, 04 Nov 2016 12:51:28
x,y = (65,40)
# Fri, 04 Nov 2016 12:51:29
x
#[Out]# 65
# Fri, 04 Nov 2016 12:52:10
50<x and x<80 and 30<=y and y<=45
#[Out]# True
# Fri, 04 Nov 2016 12:53:35
#4. Compound Conditional

# Fri, 04 Nov 2016 12:54:16
x>40 and x<130 and y>100 and y<120
#[Out]# False
# Fri, 04 Nov 2016 12:54:35
x,y = (90, 115)
# Fri, 04 Nov 2016 12:54:40
x>40 and x<130 and y>100 and y<120
#[Out]# True
# Fri, 04 Nov 2016 12:58:21
%run "c:\users\wb549~1.cun\appdata\local\temp\tmpgzew7o.py"# Fri, 04 Nov 2016 12:58:49
%run "c:\users\wb549~1.cun\appdata\local\temp\tmpecq8gc.py"# Fri, 04 Nov 2016 12:59:06
age = 13
# Fri, 04 Nov 2016 12:59:08
age
#[Out]# 13
# Fri, 04 Nov 2016 12:59:37
age = 4
# Fri, 04 Nov 2016 12:59:39
age
#[Out]# 4
# Fri, 04 Nov 2016 13:00:12
age_limit_output(10)
# Fri, 04 Nov 2016 13:00:22
age_limit_output(16)
# Fri, 04 Nov 2016 13:02:58
%run "c:\users\wb549~1.cun\appdata\local\temp\tmpeuiyrg.py"# Fri, 04 Nov 2016 13:03:11
report_grade(79)
# Fri, 04 Nov 2016 13:03:17
report_grade(81)
#[Out]# 81
# Fri, 04 Nov 2016 13:05:11
%run "c:\users\wb549~1.cun\appdata\local\temp\tmp6r8xvk.py"# Fri, 04 Nov 2016 13:05:17
report_grade(79)
# Fri, 04 Nov 2016 13:05:49
report_grade(81)
# Fri, 04 Nov 2016 13:05:58
%run "c:\users\wb549~1.cun\appdata\local\temp\tmpdk5xjb.py"# Fri, 04 Nov 2016 13:06:00
%run "c:\users\wb549~1.cun\appdata\local\temp\tmpdk5xjb.py"
# Fri, 04 Nov 2016 13:06:01
report_grade(81)
# Fri, 04 Nov 2016 13:06:20
report_grade(-69)
# Fri, 04 Nov 2016 13:07:01
%run "c:\users\wb549~1.cun\appdata\local\temp\tmprw1nmr.py"# Fri, 04 Nov 2016 13:07:04
report_grade(-69)
# Fri, 04 Nov 2016 13:07:06
report_grade(81)
# Fri, 04 Nov 2016 13:07:13
%run "c:\users\wb549~1.cun\appdata\local\temp\tmp0wzqtz.py"# Fri, 04 Nov 2016 13:07:16
report_grade(-69)
# Fri, 04 Nov 2016 13:07:24
%run "c:\users\wb549~1.cun\appdata\local\temp\tmpbmvwdy.py"# Fri, 04 Nov 2016 13:07:26
report_grade(-69)
# Fri, 04 Nov 2016 13:13:45
't' in 'string'
#[Out]# True
# Fri, 04 Nov 2016 13:13:55
'T' in 'string'
#[Out]# False
# Fri, 04 Nov 2016 13:14:05
3 in [1,2,3]
#[Out]# True
# Fri, 04 Nov 2016 13:18:52
%run "c:\users\wb549~1.cun\appdata\local\temp\tmphou1nu.py"# Fri, 04 Nov 2016 13:19:26
letter_in_word('t', 'secret hangman phrase')
#[Out]# True
# Fri, 04 Nov 2016 13:22:24
%run "c:\users\wb549~1.cun\appdata\local\temp\tmpjemtu9.py"# Fri, 04 Nov 2016 13:22:53
secret = ['red', 'red', 'yellow', 'yellow', 'black']
# Fri, 04 Nov 2016 13:23:05
hint('red',secret)
# Fri, 04 Nov 2016 13:23:22
%logstop
